<?xml version="1.0" encoding="UTF-8"?>
<!-- Generated by org.testng.reporters.JUnitReportReporter -->
<testsuite hostname="Vishals-MacBook-Pro.local" failures="0" tests="6" name="test.day3" time="0.008" errors="0" timestamp="2020-05-30T01:24:08 IST" skipped="1">
  <testcase classname="test.day3" name="africans3" time="0.003"/>
  <system-out/>
  <testcase classname="test.day3" name="africans1" time="0.001"/>
  <system-out/>
  <testcase classname="test.day3" name="africans2" time="0.001"/>
  <system-out/>
  <testcase classname="test.day3" name="chel2" time="0.001"/>
  <system-out/>
  <testcase classname="test.day3" name="chel1" time="0.002"/>
  <system-out/>
  <testcase classname="test.day3" name="chel3">
    <skipped/>
  </testcase> <!-- chel3 -->
  <system-out/>
</testsuite> <!-- test.day3 -->
