<?xml version="1.0" encoding="UTF-8"?>
<!-- Generated by org.testng.reporters.JUnitReportReporter -->
<testsuite hostname="Vishals-MacBook-Pro.local" failures="0" tests="4" name="test.day1" time="0.012" errors="0" timestamp="2020-05-30T01:24:08 IST" skipped="0">
  <testcase classname="test.day1" name="arse2" time="0.002"/>
  <system-out/>
  <testcase classname="test.day1" name="arse2" time="0.002"/>
  <system-out/>
  <testcase classname="test.day1" name="arse2" time="0.003"/>
  <system-out/>
  <testcase classname="test.day1" name="arse1" time="0.005"/>
  <system-out/>
</testsuite> <!-- test.day1 -->
