<?xml version="1.0" encoding="UTF-8"?>
<!-- Generated by org.testng.reporters.JUnitReportReporter -->
<testsuite hostname="Vishals-MacBook-Pro.local" failures="0" tests="1" name="test.day2" time="0.001" errors="0" timestamp="2020-05-30T01:24:08 IST" skipped="0">
  <testcase classname="test.day2" name="arse3" time="0.001"/>
  <system-out/>
</testsuite> <!-- test.day2 -->
